app/build/intermediates/manifest_merge_blame_file/debug/manifest-merger-blame-debug-report.txt
1<?xml version="1.0" encoding="utf-8"?>
2<manifest xmlns:android="http://schemas.android.com/apk/res/android"
3    package="com.soumio.inceptiontutorial"
4    android:versionCode="1"
5    android:versionName="1.0" >
6
7    <uses-sdk
8        android:minSdkVersion="23"
8-->src\main\AndroidManifest.xml
9        android:targetSdkVersion="29" />
9-->src\main\AndroidManifest.xml
10    <!-- Needed to use camera and store photos -->
11    <uses-feature
11-->src\main\AndroidManifest.xml:5:5-7:35
12        android:name="android.hardware.camera"
12-->src\main\AndroidManifest.xml:6:9-47
13        android:required="true" />
13-->src\main\AndroidManifest.xml:7:9-32
14    <uses-feature
14-->src\main\AndroidManifest.xml:8:5-10:35
15        android:name="android.hardware.camera.any"
15-->src\main\AndroidManifest.xml:9:9-51
16        android:required="true" />
16-->src\main\AndroidManifest.xml:10:9-32
17
18    <uses-permission android:name="android.permission.WRITE_EXTERNAL_STORAGE" />
18-->src\main\AndroidManifest.xml:12:5-81
18-->src\main\AndroidManifest.xml:12:22-78
19    <uses-permission android:name="android.permission.READ_EXTERNAL_STORAGE" />
19-->src\main\AndroidManifest.xml:13:5-80
19-->src\main\AndroidManifest.xml:13:22-77
20    <uses-permission android:name="android.permission.INTERNET" />
20-->src\main\AndroidManifest.xml:14:5-67
20-->src\main\AndroidManifest.xml:14:22-64
21    <uses-permission android:name="android.permission.CAMERA" />
21-->src\main\AndroidManifest.xml:15:5-65
21-->src\main\AndroidManifest.xml:15:22-62
22
23    <!-- Although the *SdkVersion is captured in gradle build files, this is required for non gradle builds -->
24    <!-- <uses-sdk android:minSdkVersion="14"/> -->
25    <uses-permission android:name="android.permission.ACCESS_NETWORK_STATE" />
25-->[com.google.firebase:firebase-database:19.2.0] AndroidManifest.xml:25:5-79
25-->[com.google.firebase:firebase-database:19.2.0] AndroidManifest.xml:25:22-76
26
27    <application
27-->src\main\AndroidManifest.xml:17:5-38:19
28        android:allowBackup="true"
28-->src\main\AndroidManifest.xml:18:9-35
29        android:appComponentFactory="androidx.core.app.CoreComponentFactory"
29-->[androidx.core:core:1.1.0] AndroidManifest.xml:24:18-86
30        android:debuggable="true"
31        android:icon="@mipmap/ic_launcher"
31-->src\main\AndroidManifest.xml:19:9-43
32        android:label="@string/app_name"
32-->src\main\AndroidManifest.xml:20:9-41
33        android:roundIcon="@mipmap/ic_launcher_round"
33-->src\main\AndroidManifest.xml:21:9-54
34        android:supportsRtl="true"
34-->src\main\AndroidManifest.xml:22:9-35
35        android:theme="@style/AppTheme" >
35-->src\main\AndroidManifest.xml:23:9-40
36        <activity android:name="com.soumio.inceptiontutorial.Login.ActivityLogin" />
36-->src\main\AndroidManifest.xml:24:9-66
36-->src\main\AndroidManifest.xml:24:19-54
37        <activity android:name="com.soumio.inceptiontutorial.Signup.ActivitySignUp" />
37-->src\main\AndroidManifest.xml:25:9-59
37-->src\main\AndroidManifest.xml:25:19-56
38        <activity android:name="com.soumio.inceptiontutorial.Navigation.ActivityUser" >
38-->src\main\AndroidManifest.xml:26:9-32:20
38-->src\main\AndroidManifest.xml:26:19-86
39            <intent-filter>
39-->src\main\AndroidManifest.xml:27:13-31:29
40                <action android:name="android.intent.action.MAIN" />
40-->src\main\AndroidManifest.xml:28:17-69
40-->src\main\AndroidManifest.xml:28:25-66
41
42                <category android:name="android.intent.category.LAUNCHER" />
42-->src\main\AndroidManifest.xml:30:17-77
42-->src\main\AndroidManifest.xml:30:27-74
43            </intent-filter>
44        </activity>
45        <activity android:name="com.soumio.inceptiontutorial.Classify.Classify_L2" /> <!-- cropping activity -->
45-->src\main\AndroidManifest.xml:33:9-58
45-->src\main\AndroidManifest.xml:33:19-55
46        <activity
46-->src\main\AndroidManifest.xml:34:9-36:52
47            android:name="com.soundcloud.android.crop.CropImageActivity"
47-->src\main\AndroidManifest.xml:35:13-73
48            android:screenOrientation="portrait" />
48-->src\main\AndroidManifest.xml:36:13-49
49        <activity android:name="com.soumio.inceptiontutorial.Analyze.ChooseModel" />
49-->src\main\AndroidManifest.xml:37:9-57
49-->src\main\AndroidManifest.xml:37:19-54
50        <activity
50-->[com.google.firebase:firebase-auth:19.2.0] AndroidManifest.xml:24:9-31:50
51            android:name="com.google.firebase.auth.internal.FederatedSignInActivity"
51-->[com.google.firebase:firebase-auth:19.2.0] AndroidManifest.xml:25:13-85
52            android:excludeFromRecents="true"
52-->[com.google.firebase:firebase-auth:19.2.0] AndroidManifest.xml:26:13-46
53            android:exported="true"
53-->[com.google.firebase:firebase-auth:19.2.0] AndroidManifest.xml:27:13-36
54            android:launchMode="singleTask"
54-->[com.google.firebase:firebase-auth:19.2.0] AndroidManifest.xml:28:13-44
55            android:permission="com.google.firebase.auth.api.gms.permission.LAUNCH_FEDERATED_SIGN_IN"
55-->[com.google.firebase:firebase-auth:19.2.0] AndroidManifest.xml:29:13-102
56            android:theme="@android:style/Theme.Translucent.NoTitleBar" />
56-->[com.google.firebase:firebase-auth:19.2.0] AndroidManifest.xml:30:13-72
57
58        <service
58-->[com.google.firebase:firebase-auth:19.2.0] AndroidManifest.xml:33:9-39:19
59            android:name="com.google.firebase.components.ComponentDiscoveryService"
59-->[com.google.firebase:firebase-auth:19.2.0] AndroidManifest.xml:34:13-84
60            android:directBootAware="true"
60-->[com.google.firebase:firebase-common:19.3.0] AndroidManifest.xml:34:13-43
61            android:exported="false" >
61-->[com.google.firebase:firebase-auth:19.2.0] AndroidManifest.xml:35:13-37
62            <meta-data
62-->[com.google.firebase:firebase-auth:19.2.0] AndroidManifest.xml:36:13-38:85
63                android:name="com.google.firebase.components:com.google.firebase.auth.FirebaseAuthRegistrar"
63-->[com.google.firebase:firebase-auth:19.2.0] AndroidManifest.xml:37:17-109
64                android:value="com.google.firebase.components.ComponentRegistrar" />
64-->[com.google.firebase:firebase-auth:19.2.0] AndroidManifest.xml:38:17-82
65            <meta-data
65-->[com.google.firebase:firebase-database:19.2.0] AndroidManifest.xml:32:13-34:85
66                android:name="com.google.firebase.components:com.google.firebase.database.DatabaseRegistrar"
66-->[com.google.firebase:firebase-database:19.2.0] AndroidManifest.xml:33:17-109
67                android:value="com.google.firebase.components.ComponentRegistrar" />
67-->[com.google.firebase:firebase-database:19.2.0] AndroidManifest.xml:34:17-82
68            <meta-data
68-->[com.google.firebase:firebase-storage:19.1.0] AndroidManifest.xml:33:13-35:85
69                android:name="com.google.firebase.components:com.google.firebase.storage.StorageRegistrar"
69-->[com.google.firebase:firebase-storage:19.1.0] AndroidManifest.xml:34:17-107
70                android:value="com.google.firebase.components.ComponentRegistrar" />
70-->[com.google.firebase:firebase-storage:19.1.0] AndroidManifest.xml:35:17-82
71        </service>
72
73        <activity
73-->[com.google.android.gms:play-services-base:17.1.0] AndroidManifest.xml:23:9-26:75
74            android:name="com.google.android.gms.common.api.GoogleApiActivity"
74-->[com.google.android.gms:play-services-base:17.1.0] AndroidManifest.xml:24:13-79
75            android:exported="false"
75-->[com.google.android.gms:play-services-base:17.1.0] AndroidManifest.xml:25:13-37
76            android:theme="@android:style/Theme.Translucent.NoTitleBar" />
76-->[com.google.android.gms:play-services-base:17.1.0] AndroidManifest.xml:26:13-72
77
78        <provider
78-->[com.google.firebase:firebase-common:19.3.0] AndroidManifest.xml:26:9-30:39
79            android:name="com.google.firebase.provider.FirebaseInitProvider"
79-->[com.google.firebase:firebase-common:19.3.0] AndroidManifest.xml:27:13-77
80            android:authorities="com.soumio.inceptiontutorial.firebaseinitprovider"
80-->[com.google.firebase:firebase-common:19.3.0] AndroidManifest.xml:28:13-72
81            android:exported="false"
81-->[com.google.firebase:firebase-common:19.3.0] AndroidManifest.xml:29:13-37
82            android:initOrder="100" />
82-->[com.google.firebase:firebase-common:19.3.0] AndroidManifest.xml:30:13-36
83
84        <meta-data
84-->[com.google.android.gms:play-services-basement:17.0.0] AndroidManifest.xml:23:9-25:69
85            android:name="com.google.android.gms.version"
85-->[com.google.android.gms:play-services-basement:17.0.0] AndroidManifest.xml:24:13-58
86            android:value="@integer/google_play_services_version" />
86-->[com.google.android.gms:play-services-basement:17.0.0] AndroidManifest.xml:25:13-66
87
88        <provider
88-->[androidx.lifecycle:lifecycle-process:2.1.0] AndroidManifest.xml:23:9-27:43
89            android:name="androidx.lifecycle.ProcessLifecycleOwnerInitializer"
89-->[androidx.lifecycle:lifecycle-process:2.1.0] AndroidManifest.xml:24:13-79
90            android:authorities="com.soumio.inceptiontutorial.lifecycle-process"
90-->[androidx.lifecycle:lifecycle-process:2.1.0] AndroidManifest.xml:25:13-69
91            android:exported="false"
91-->[androidx.lifecycle:lifecycle-process:2.1.0] AndroidManifest.xml:26:13-37
92            android:multiprocess="true" />
92-->[androidx.lifecycle:lifecycle-process:2.1.0] AndroidManifest.xml:27:13-40
93    </application>
94
95</manifest>